TN:
SF:src/analytics/leadAnalysis.ts
FN:23,calculateLeadStatus
FN:42,(anonymous_1)
FN:43,(anonymous_2)
FN:44,(anonymous_3)
FN:54,(anonymous_4)
FN:55,(anonymous_5)
FN:90,detectAbandonmentPoints
FN:147,analyzeConversionIntent
FN:172,(anonymous_8)
FN:173,(anonymous_9)
FN:181,(anonymous_10)
FN:182,(anonymous_11)
FN:210,(anonymous_12)
FN:211,(anonymous_13)
FN:252,computeEngagementMetrics
FN:278,(anonymous_15)
FN:279,(anonymous_16)
FN:339,analyzeAllLeads
FN:367,(anonymous_18)
FNF:19
FNH:17
FNDA:51,calculateLeadStatus
FNDA:326,(anonymous_1)
FNDA:0,(anonymous_2)
FNDA:0,(anonymous_3)
FNDA:326,(anonymous_4)
FNDA:2282,(anonymous_5)
FNDA:1,detectAbandonmentPoints
FNDA:51,analyzeConversionIntent
FNDA:326,(anonymous_8)
FNDA:2934,(anonymous_9)
FNDA:326,(anonymous_10)
FNDA:326,(anonymous_11)
FNDA:326,(anonymous_12)
FNDA:1956,(anonymous_13)
FNDA:59,computeEngagementMetrics
FNDA:326,(anonymous_15)
FNDA:326,(anonymous_16)
FNDA:1,analyzeAllLeads
FNDA:259,(anonymous_18)
DA:1,18
DA:2,18
DA:23,18
DA:24,51
DA:26,51
DA:32,51
DA:33,1
DA:36,50
DA:37,50
DA:38,50
DA:41,50
DA:42,326
DA:43,0
DA:44,50
DA:47,50
DA:48,50
DA:49,50
DA:50,50
DA:53,50
DA:54,50
DA:55,2282
DA:59,50
DA:60,0
DA:63,50
DA:64,0
DA:67,50
DA:68,30
DA:71,20
DA:72,6
DA:75,14
DA:76,10
DA:79,4
DA:82,0
DA:83,0
DA:90,18
DA:96,1
DA:97,1
DA:103,1
DA:104,1
DA:107,0
DA:108,0
DA:110,0
DA:111,0
DA:112,0
DA:113,0
DA:115,0
DA:117,0
DA:118,0
DA:120,0
DA:121,0
DA:122,0
DA:123,0
DA:124,0
DA:127,0
DA:136,0
DA:139,0
DA:140,0
DA:147,18
DA:152,51
DA:153,51
DA:159,51
DA:160,1
DA:167,50
DA:168,50
DA:171,50
DA:172,50
DA:173,2934
DA:175,50
DA:176,0
DA:177,0
DA:181,326
DA:182,326
DA:183,50
DA:184,11
DA:185,11
DA:189,50
DA:190,50
DA:191,1
DA:192,1
DA:193,49
DA:194,34
DA:195,34
DA:199,50
DA:200,50
DA:201,50
DA:202,11
DA:203,11
DA:204,39
DA:205,29
DA:209,50
DA:210,50
DA:211,1956
DA:213,50
DA:214,0
DA:215,0
DA:219,50
DA:222,50
DA:223,50
DA:224,0
DA:225,50
DA:226,1
DA:227,49
DA:228,11
DA:230,38
DA:233,50
DA:240,0
DA:241,0
DA:252,18
DA:253,59
DA:254,59
DA:260,59
DA:261,9
DA:275,50
DA:278,326
DA:279,326
DA:282,50
DA:283,50
DA:284,50
DA:285,276
DA:286,276
DA:287,276
DA:290,276
DA:291,271
DA:292,271
DA:295,50
DA:298,50
DA:299,50
DA:300,50
DA:303,50
DA:306,50
DA:307,50
DA:308,50
DA:309,50
DA:310,50
DA:313,50
DA:316,50
DA:318,50
DA:331,0
DA:332,0
DA:339,18
DA:340,1
DA:341,1
DA:344,1
DA:348,1
DA:349,0
DA:350,0
DA:353,1
DA:356,1
DA:357,1
DA:358,58
DA:359,58
DA:360,58
DA:362,0
DA:367,259
DA:369,1
DA:371,1
DA:374,0
DA:375,0
LF:158
LH:121
BRDA:32,0,0,1
BRDA:32,1,0,51
BRDA:32,1,1,50
BRDA:32,1,2,50
BRDA:43,2,0,0
BRDA:43,2,1,0
BRDA:50,3,0,11
BRDA:50,3,1,39
BRDA:59,4,0,0
BRDA:59,5,0,50
BRDA:59,5,1,0
BRDA:59,5,2,0
BRDA:63,6,0,0
BRDA:63,7,0,50
BRDA:63,7,1,0
BRDA:63,7,2,0
BRDA:67,8,0,30
BRDA:67,9,0,50
BRDA:67,9,1,40
BRDA:71,10,0,6
BRDA:75,11,0,10
BRDA:103,12,0,1
BRDA:103,13,0,1
BRDA:103,13,1,0
BRDA:103,13,2,0
BRDA:115,14,0,0
BRDA:117,15,0,0
BRDA:117,15,1,0
BRDA:118,16,0,0
BRDA:118,16,1,0
BRDA:121,17,0,0
BRDA:121,17,1,0
BRDA:123,18,0,0
BRDA:123,19,0,0
BRDA:123,19,1,0
BRDA:159,20,0,1
BRDA:159,21,0,51
BRDA:159,21,1,50
BRDA:159,21,2,50
BRDA:175,22,0,0
BRDA:181,23,0,326
BRDA:181,23,1,92
BRDA:181,24,0,92
BRDA:181,24,1,92
BRDA:183,25,0,11
BRDA:190,26,0,1
BRDA:190,26,1,49
BRDA:193,27,0,34
BRDA:201,28,0,11
BRDA:201,28,1,39
BRDA:204,29,0,29
BRDA:213,30,0,0
BRDA:223,31,0,0
BRDA:223,31,1,50
BRDA:225,32,0,1
BRDA:225,32,1,49
BRDA:227,33,0,11
BRDA:227,33,1,38
BRDA:260,34,0,9
BRDA:260,35,0,59
BRDA:260,35,1,58
BRDA:260,35,2,58
BRDA:278,36,0,326
BRDA:278,36,1,92
BRDA:278,37,0,92
BRDA:278,37,1,92
BRDA:290,38,0,271
BRDA:295,39,0,40
BRDA:295,39,1,10
BRDA:348,40,0,0
BRDA:348,41,0,1
BRDA:348,41,1,1
BRF:72
BRH:48
end_of_record
TN:
SF:src/config/bckp.supabase.ts
FNF:0
FNH:0
DA:1,0
DA:2,0
DA:4,0
DA:6,0
DA:7,0
DA:9,0
DA:10,0
DA:13,0
LF:8
LH:0
BRDA:9,0,0,0
BRDA:9,1,0,0
BRDA:9,1,1,0
BRF:3
BRH:0
end_of_record
TN:
SF:src/config/env.ts
FN:22,validateEnv
FN:45,(anonymous_2)
FN:93,(anonymous_3)
FNF:3
FNH:1
FNDA:17,validateEnv
FNDA:0,(anonymous_2)
FNDA:0,(anonymous_3)
DA:1,17
DA:4,17
DA:22,17
DA:23,17
DA:32,17
DA:33,17
DA:36,17
DA:37,102
DA:38,0
DA:42,17
DA:43,0
DA:45,0
DA:51,0
DA:52,0
DA:56,17
DA:57,17
DA:59,0
DA:62,17
DA:63,17
DA:65,0
DA:69,17
DA:70,0
DA:71,0
DA:72,0
DA:76,17
DA:77,0
DA:78,0
DA:79,0
DA:83,17
DA:84,17
DA:85,17
DA:86,0
DA:90,17
DA:91,0
DA:93,0
DA:99,0
DA:100,0
DA:107,17
LF:38
LH:20
BRDA:37,0,0,0
BRDA:42,1,0,0
BRDA:69,2,0,0
BRDA:71,3,0,0
BRDA:71,4,0,0
BRDA:71,4,1,0
BRDA:76,5,0,0
BRDA:78,6,0,0
BRDA:78,7,0,0
BRDA:78,7,1,0
BRDA:83,8,0,17
BRDA:85,9,0,0
BRDA:85,10,0,17
BRDA:85,10,1,17
BRDA:90,11,0,0
BRDA:109,12,0,17
BRDA:109,12,1,0
BRDA:110,13,0,17
BRDA:110,13,1,0
BRDA:122,14,0,17
BRDA:122,14,1,17
BRDA:123,15,0,17
BRDA:123,15,1,17
BRDA:124,16,0,17
BRDA:124,16,1,17
BRDA:134,17,0,17
BRDA:134,17,1,0
BRDA:135,18,0,17
BRDA:135,18,1,0
BRDA:143,19,0,17
BRDA:143,19,1,17
BRDA:144,20,0,17
BRDA:144,20,1,17
BRDA:145,21,0,17
BRDA:145,21,1,17
BRDA:149,22,0,17
BRDA:149,22,1,17
BRDA:155,23,0,17
BRDA:155,23,1,17
BRDA:156,24,0,17
BRDA:156,24,1,17
BRF:41
BRH:25
end_of_record
TN:
SF:src/config/supabase.ts
FNF:0
FNH:0
DA:1,18
DA:2,18
DA:4,18
DA:6,18
DA:7,18
DA:9,18
DA:12,18
DA:13,0
DA:16,18
LF:9
LH:8
BRDA:12,0,0,0
BRDA:12,1,0,18
BRDA:12,1,1,18
BRF:3
BRH:2
end_of_record
TN:
SF:src/reports/leadReport.ts
FN:21,generateLeadReport
FN:34,(anonymous_10)
FN:35,(anonymous_11)
FN:36,(anonymous_12)
FN:37,(anonymous_13)
FN:65,generateHTML
FN:298,(anonymous_15)
FN:377,getStatusDistribution
FN:380,(anonymous_17)
FN:390,getTopConversions
FN:392,(anonymous_19)
FN:393,(anonymous_20)
FNF:12
FNH:0
FNDA:0,generateLeadReport
FNDA:0,(anonymous_10)
FNDA:0,(anonymous_11)
FNDA:0,(anonymous_12)
FNDA:0,(anonymous_13)
FNDA:0,generateHTML
FNDA:0,(anonymous_15)
FNDA:0,getStatusDistribution
FNDA:0,(anonymous_17)
FNDA:0,getTopConversions
FNDA:0,(anonymous_19)
FNDA:0,(anonymous_20)
DA:1,0
DA:2,0
DA:3,0
DA:4,0
DA:21,0
DA:22,0
DA:23,0
DA:26,0
DA:29,0
DA:32,0
DA:34,0
DA:35,0
DA:36,0
DA:37,0
DA:41,0
DA:48,0
DA:49,0
DA:52,0
DA:53,0
DA:54,0
DA:56,0
DA:57,0
DA:60,0
DA:61,0
DA:66,0
DA:69,0
DA:71,0
DA:298,0
DA:378,0
DA:380,0
DA:381,0
DA:384,0
DA:391,0
DA:392,0
DA:393,0
LF:35
LH:0
BRDA:21,0,0,0
BRDA:34,1,0,0
BRDA:34,1,1,0
BRDA:37,2,0,0
BRDA:37,2,1,0
BRDA:304,3,0,0
BRDA:304,3,1,0
BRDA:304,4,0,0
BRDA:304,4,1,0
BRDA:305,5,0,0
BRDA:305,5,1,0
BRDA:305,6,0,0
BRDA:305,6,1,0
BRDA:381,7,0,0
BRDA:381,7,1,0
BRF:15
BRH:0
end_of_record
TN:
SF:src/routes/audio.ts
FN:18,(anonymous_1)
FN:70,(anonymous_2)
FN:121,(anonymous_3)
FN:210,(anonymous_4)
FNF:4
FNH:0
FNDA:0,(anonymous_1)
FNDA:0,(anonymous_2)
FNDA:0,(anonymous_3)
FNDA:0,(anonymous_4)
DA:1,17
DA:2,17
DA:3,17
DA:4,17
DA:5,17
DA:6,17
DA:7,17
DA:8,17
DA:10,17
DA:13,17
DA:19,0
DA:28,0
DA:29,0
DA:31,0
DA:37,17
DA:48,17
DA:56,17
DA:70,17
DA:71,0
DA:73,0
DA:76,0
DA:89,0
DA:99,0
DA:100,0
DA:107,0
DA:108,0
DA:121,17
DA:122,0
DA:124,0
DA:135,0
DA:136,0
DA:137,0
DA:139,0
DA:146,0
DA:147,0
DA:150,0
DA:154,0
DA:155,0
DA:157,0
DA:159,0
DA:166,0
DA:177,0
DA:189,0
DA:190,0
DA:197,0
DA:198,0
DA:210,17
DA:211,0
DA:213,0
DA:216,0
DA:228,0
DA:239,0
DA:240,0
DA:247,0
DA:248,0
DA:256,17
LF:56
LH:17
BRDA:28,0,0,0
BRDA:28,0,1,0
BRDA:99,1,0,0
BRDA:127,2,0,0
BRDA:127,2,1,0
BRDA:135,3,0,0
BRDA:135,3,1,0
BRDA:146,4,0,0
BRDA:155,5,0,0
BRDA:155,5,1,0
BRDA:189,6,0,0
BRDA:239,7,0,0
BRF:12
BRH:0
end_of_record
TN:
SF:src/routes/charts.ts
FN:20,(anonymous_0)
FN:70,(anonymous_1)
FN:89,(anonymous_2)
FN:110,(anonymous_3)
FNF:4
FNH:1
FNDA:1,(anonymous_0)
FNDA:0,(anonymous_1)
FNDA:0,(anonymous_2)
FNDA:0,(anonymous_3)
DA:1,17
DA:2,17
DA:3,17
DA:5,17
DA:8,17
DA:20,17
DA:21,1
DA:22,1
DA:25,1
DA:31,0
DA:39,0
DA:49,1
DA:50,1
DA:57,0
DA:58,0
DA:70,17
DA:71,0
DA:72,0
DA:73,0
DA:75,0
DA:76,0
DA:82,0
DA:88,0
DA:89,0
DA:92,0
DA:97,0
DA:98,0
DA:110,17
DA:111,0
DA:112,0
DA:114,0
DA:116,0
DA:121,0
DA:122,0
DA:130,17
LF:35
LH:14
BRDA:49,0,0,1
BRDA:75,1,0,0
BRF:2
BRH:1
end_of_record
TN:
SF:src/routes/chat.ts
FN:13,(anonymous_1)
FN:30,(anonymous_2)
FN:69,(anonymous_3)
FN:119,(anonymous_4)
FN:136,getEmbedding
FN:160,(anonymous_6)
FNF:6
FNH:0
FNDA:0,(anonymous_1)
FNDA:0,(anonymous_2)
FNDA:0,(anonymous_3)
FNDA:0,(anonymous_4)
FNDA:0,getEmbedding
FNDA:0,(anonymous_6)
DA:1,17
DA:2,17
DA:3,17
DA:5,17
DA:13,17
DA:14,0
DA:15,0
DA:17,0
DA:18,0
DA:25,0
DA:29,0
DA:30,0
DA:31,0
DA:34,0
DA:35,0
DA:36,0
DA:38,0
DA:39,0
DA:46,0
DA:49,0
DA:56,0
DA:57,0
DA:60,0
DA:63,0
DA:64,0
DA:66,0
DA:67,0
DA:68,0
DA:69,0
DA:70,0
DA:73,0
DA:77,0
DA:79,0
DA:85,0
DA:103,0
DA:106,0
DA:107,0
DA:116,0
DA:119,0
DA:127,0
DA:128,0
DA:137,0
DA:139,0
DA:155,0
DA:157,0
DA:159,0
DA:160,0
DA:164,17
LF:48
LH:6
BRDA:17,0,0,0
BRDA:35,1,0,0
BRDA:35,1,1,0
BRDA:36,2,0,0
BRDA:36,2,1,0
BRDA:38,3,0,0
BRDA:56,4,0,0
BRDA:60,5,0,0
BRDA:60,5,1,0
BRDA:66,6,0,0
BRDA:66,6,1,0
BRDA:66,7,0,0
BRDA:66,7,1,0
BRDA:77,8,0,0
BRDA:77,8,1,0
BRDA:106,9,0,0
BRDA:112,10,0,0
BRDA:112,10,1,0
BRDA:119,11,0,0
BRDA:119,11,1,0
BRDA:130,12,0,0
BRDA:130,12,1,0
BRDA:157,13,0,0
BRDA:157,13,1,0
BRF:24
BRH:0
end_of_record
TN:
SF:src/routes/chunks.ts
FN:7,(anonymous_0)
FN:41,(anonymous_1)
FN:75,(anonymous_2)
FN:118,(anonymous_3)
FNF:4
FNH:4
FNDA:3,(anonymous_0)
FNDA:2,(anonymous_1)
FNDA:4,(anonymous_2)
FNDA:1,(anonymous_3)
DA:1,17
DA:2,17
DA:4,17
DA:7,17
DA:8,3
DA:9,3
DA:11,3
DA:16,3
DA:17,2
DA:20,3
DA:22,3
DA:23,0
DA:26,3
DA:32,0
DA:33,0
DA:41,17
DA:42,2
DA:43,2
DA:45,2
DA:51,2
DA:52,1
DA:53,1
DA:58,0
DA:61,1
DA:66,0
DA:67,0
DA:75,17
DA:76,4
DA:77,4
DA:79,4
DA:80,1
DA:86,3
DA:97,3
DA:98,0
DA:101,3
DA:103,3
DA:109,0
DA:110,0
DA:118,17
DA:119,1
DA:120,1
DA:122,1
DA:127,1
DA:128,0
DA:131,1
DA:133,1
DA:139,0
DA:140,0
DA:147,17
LF:49
LH:37
BRDA:16,0,0,2
BRDA:22,1,0,0
BRDA:51,2,0,1
BRDA:52,3,0,1
BRDA:79,4,0,1
BRDA:79,5,0,4
BRDA:79,5,1,3
BRDA:79,5,2,3
BRDA:92,6,0,3
BRDA:92,6,1,2
BRDA:97,7,0,0
BRDA:127,8,0,0
BRF:12
BRH:9
end_of_record
TN:
SF:src/routes/customers.ts
FN:19,(anonymous_0)
FN:49,(anonymous_1)
FN:88,(anonymous_2)
FN:136,(anonymous_3)
FN:179,(anonymous_4)
FN:211,(anonymous_5)
FNF:6
FNH:5
FNDA:2,(anonymous_0)
FNDA:2,(anonymous_1)
FNDA:8,(anonymous_2)
FNDA:1,(anonymous_3)
FNDA:1,(anonymous_4)
FNDA:0,(anonymous_5)
DA:1,17
DA:2,17
DA:3,17
DA:5,17
DA:8,17
DA:19,17
DA:20,2
DA:21,2
DA:26,2
DA:27,0
DA:34,2
DA:39,0
DA:40,0
DA:49,17
DA:50,2
DA:51,2
DA:53,2
DA:59,2
DA:60,1
DA:61,1
DA:66,0
DA:73,1
DA:78,0
DA:79,0
DA:88,17
DA:89,8
DA:90,8
DA:92,8
DA:93,1
DA:99,7
DA:113,7
DA:114,4
DA:121,3
DA:126,0
DA:127,0
DA:136,17
DA:137,1
DA:138,1
DA:139,1
DA:141,1
DA:156,1
DA:157,0
DA:164,1
DA:169,0
DA:170,0
DA:179,17
DA:180,1
DA:181,1
DA:183,1
DA:188,1
DA:189,0
DA:196,1
DA:201,0
DA:202,0
DA:211,17
DA:212,0
DA:213,0
DA:216,0
DA:219,0
DA:225,0
DA:226,0
DA:233,0
DA:234,0
DA:235,0
DA:237,0
DA:238,0
DA:240,0
DA:241,0
DA:243,0
DA:244,0
DA:246,0
DA:247,0
DA:249,0
DA:250,0
DA:252,0
DA:253,0
DA:256,0
DA:263,0
DA:264,0
DA:271,0
DA:276,0
DA:277,0
DA:284,0
DA:285,0
DA:293,17
LF:85
LH:42
BRDA:26,0,0,0
BRDA:59,1,0,1
BRDA:60,2,0,1
BRDA:92,3,0,1
BRDA:113,4,0,4
BRDA:156,5,0,0
BRDA:188,6,0,0
BRDA:225,7,0,0
BRDA:225,8,0,0
BRDA:225,8,1,0
BRDA:234,9,0,0
BRDA:237,10,0,0
BRDA:240,11,0,0
BRDA:243,12,0,0
BRDA:246,13,0,0
BRDA:249,14,0,0
BRDA:252,15,0,0
BRDA:263,16,0,0
BRDA:276,17,0,0
BRF:19
BRH:4
end_of_record
TN:
SF:src/routes/docs.ts
FN:11,(anonymous_1)
FN:20,(anonymous_2)
FN:27,(anonymous_3)
FN:60,extractText
FN:84,generateDocId
FN:89,(anonymous_6)
FN:102,(anonymous_7)
FN:157,(anonymous_8)
FN:168,(anonymous_9)
FN:196,(anonymous_10)
FN:217,(anonymous_11)
FN:249,(anonymous_12)
FN:275,(anonymous_13)
FN:316,(anonymous_14)
FNF:14
FNH:9
FNDA:4,(anonymous_1)
FNDA:4,(anonymous_2)
FNDA:5,(anonymous_3)
FNDA:4,extractText
FNDA:0,generateDocId
FNDA:5,(anonymous_6)
FNDA:0,(anonymous_7)
FNDA:0,(anonymous_8)
FNDA:2,(anonymous_9)
FNDA:0,(anonymous_10)
FNDA:0,(anonymous_11)
FNDA:56,(anonymous_12)
FNDA:2,(anonymous_13)
FNDA:2,(anonymous_14)
DA:1,17
DA:2,17
DA:3,17
DA:4,17
DA:5,17
DA:7,17
DA:10,17
DA:12,4
DA:13,4
DA:14,4
DA:15,4
DA:17,0
DA:21,4
DA:22,4
DA:27,17
DA:28,5
DA:29,5
DA:31,5
DA:33,5
DA:34,4
DA:36,1
DA:40,17
DA:61,4
DA:64,4
DA:66,4
DA:67,0
DA:68,0
DA:69,0
DA:71,0
DA:72,0
DA:74,4
DA:75,3
DA:76,1
DA:77,1
DA:80,0
DA:85,0
DA:89,17
DA:90,5
DA:91,5
DA:92,1
DA:99,4
DA:102,4
DA:105,4
DA:106,4
DA:118,4
DA:124,4
DA:125,0
DA:126,0
DA:129,4
DA:132,4
DA:144,4
DA:146,4
DA:153,0
DA:156,0
DA:157,0
DA:160,0
DA:168,17
DA:169,2
DA:170,2
DA:173,2
DA:174,0
DA:177,0
DA:181,0
DA:183,0
DA:185,0
DA:192,0
DA:193,0
DA:196,0
DA:208,0
DA:217,0
DA:230,0
DA:240,2
DA:245,2
DA:246,0
DA:249,56
DA:260,2
DA:266,0
DA:267,0
DA:275,17
DA:276,2
DA:277,2
DA:279,2
DA:285,2
DA:286,1
DA:287,1
DA:292,0
DA:295,1
DA:307,0
DA:308,0
DA:316,17
DA:317,2
DA:318,2
DA:320,2
DA:325,2
DA:326,0
DA:329,2
DA:331,2
DA:337,0
DA:338,0
DA:345,17
LF:100
LH:66
BRDA:33,0,0,4
BRDA:33,0,1,1
BRDA:33,1,0,5
BRDA:33,1,1,1
BRDA:66,2,0,0
BRDA:66,2,1,4
BRDA:66,3,0,4
BRDA:66,3,1,4
BRDA:74,4,0,3
BRDA:74,4,1,1
BRDA:74,5,0,4
BRDA:74,5,1,1
BRDA:76,6,0,1
BRDA:76,7,0,1
BRDA:76,7,1,0
BRDA:91,8,0,1
BRDA:124,9,0,0
BRDA:156,10,0,0
BRDA:162,11,0,0
BRDA:162,11,1,0
BRDA:173,12,0,0
BRDA:173,13,0,2
BRDA:173,13,1,0
BRDA:181,14,0,0
BRDA:192,15,0,0
BRDA:245,16,0,0
BRDA:285,17,0,1
BRDA:286,18,0,1
BRDA:325,19,0,0
BRF:29
BRH:17
end_of_record
TN:
SF:src/routes/evaluations.ts
FN:18,(anonymous_0)
FN:65,(anonymous_1)
FN:104,(anonymous_2)
FN:160,(anonymous_3)
FN:190,(anonymous_4)
FN:191,(anonymous_5)
FN:195,(anonymous_6)
FN:196,(anonymous_7)
FN:197,(anonymous_8)
FN:200,(anonymous_9)
FNF:10
FNH:0
FNDA:0,(anonymous_0)
FNDA:0,(anonymous_1)
FNDA:0,(anonymous_2)
FNDA:0,(anonymous_3)
FNDA:0,(anonymous_4)
FNDA:0,(anonymous_5)
FNDA:0,(anonymous_6)
FNDA:0,(anonymous_7)
FNDA:0,(anonymous_8)
FNDA:0,(anonymous_9)
DA:1,17
DA:2,17
DA:4,17
DA:18,17
DA:19,0
DA:20,0
DA:22,0
DA:28,0
DA:29,0
DA:32,0
DA:33,0
DA:36,0
DA:37,0
DA:40,0
DA:42,0
DA:43,0
DA:50,0
DA:55,0
DA:56,0
DA:65,17
DA:66,0
DA:67,0
DA:69,0
DA:75,0
DA:76,0
DA:77,0
DA:82,0
DA:89,0
DA:94,0
DA:95,0
DA:104,17
DA:105,0
DA:106,0
DA:108,0
DA:109,0
DA:115,0
DA:116,0
DA:123,0
DA:133,0
DA:134,0
DA:141,0
DA:150,0
DA:151,0
DA:160,17
DA:161,0
DA:163,0
DA:167,0
DA:168,0
DA:176,0
DA:180,0
DA:181,0
DA:189,0
DA:190,0
DA:191,0
DA:192,0
DA:194,0
DA:195,0
DA:196,0
DA:197,0
DA:200,0
DA:206,0
DA:221,0
DA:222,0
DA:230,17
LF:64
LH:8
BRDA:20,0,0,0
BRDA:28,1,0,0
BRDA:32,2,0,0
BRDA:36,3,0,0
BRDA:42,4,0,0
BRDA:75,5,0,0
BRDA:76,6,0,0
BRDA:108,7,0,0
BRDA:108,8,0,0
BRDA:108,8,1,0
BRDA:108,8,2,0
BRDA:108,8,3,0
BRDA:115,9,0,0
BRDA:115,10,0,0
BRDA:115,10,1,0
BRDA:127,11,0,0
BRDA:127,11,1,0
BRDA:129,12,0,0
BRDA:129,12,1,0
BRDA:130,13,0,0
BRDA:130,13,1,0
BRDA:133,14,0,0
BRDA:167,15,0,0
BRDA:180,16,0,0
BRDA:192,17,0,0
BRDA:192,17,1,0
BRDA:217,18,0,0
BRDA:217,18,1,0
BRF:28
BRH:0
end_of_record
TN:
SF:src/routes/graph.ts
FN:17,(anonymous_0)
FN:62,(anonymous_1)
FN:109,(anonymous_2)
FN:143,(anonymous_3)
FN:182,(anonymous_4)
FN:222,(anonymous_5)
FN:254,(anonymous_6)
FN:281,(anonymous_7)
FN:311,(anonymous_8)
FNF:9
FNH:0
FNDA:0,(anonymous_0)
FNDA:0,(anonymous_1)
FNDA:0,(anonymous_2)
FNDA:0,(anonymous_3)
FNDA:0,(anonymous_4)
FNDA:0,(anonymous_5)
FNDA:0,(anonymous_6)
FNDA:0,(anonymous_7)
FNDA:0,(anonymous_8)
DA:1,17
DA:2,17
DA:4,17
DA:17,17
DA:18,0
DA:19,0
DA:21,0
DA:22,0
DA:28,0
DA:35,0
DA:41,0
DA:42,0
DA:45,0
DA:47,0
DA:53,0
DA:54,0
DA:62,17
DA:63,0
DA:64,0
DA:66,0
DA:69,0
DA:70,0
DA:74,0
DA:75,0
DA:79,0
DA:80,0
DA:84,0
DA:85,0
DA:88,0
DA:90,0
DA:91,0
DA:94,0
DA:100,0
DA:101,0
DA:109,17
DA:110,0
DA:111,0
DA:113,0
DA:119,0
DA:120,0
DA:121,0
DA:126,0
DA:129,0
DA:134,0
DA:135,0
DA:143,17
DA:144,0
DA:145,0
DA:146,0
DA:148,0
DA:150,0
DA:151,0
DA:152,0
DA:153,0
DA:156,0
DA:159,0
DA:161,0
DA:162,0
DA:165,0
DA:173,0
DA:174,0
DA:182,17
DA:183,0
DA:184,0
DA:185,0
DA:187,0
DA:189,0
DA:195,0
DA:196,0
DA:199,0
DA:200,0
DA:206,0
DA:213,0
DA:214,0
DA:222,17
DA:223,0
DA:224,0
DA:225,0
DA:227,0
DA:229,0
DA:234,0
DA:235,0
DA:238,0
DA:245,0
DA:246,0
DA:254,17
DA:255,0
DA:256,0
DA:258,0
DA:262,0
DA:263,0
DA:266,0
DA:272,0
DA:273,0
DA:281,17
DA:282,0
DA:283,0
DA:285,0
DA:290,0
DA:291,0
DA:294,0
DA:302,0
DA:303,0
DA:311,17
DA:312,0
DA:313,0
DA:315,0
DA:320,0
DA:321,0
DA:324,0
DA:326,0
DA:332,0
DA:333,0
DA:340,17
LF:114
LH:13
BRDA:21,0,0,0
BRDA:21,1,0,0
BRDA:21,1,1,0
BRDA:21,1,2,0
BRDA:32,2,0,0
BRDA:32,2,1,0
BRDA:41,3,0,0
BRDA:69,4,0,0
BRDA:74,5,0,0
BRDA:79,6,0,0
BRDA:84,7,0,0
BRDA:90,8,0,0
BRDA:119,9,0,0
BRDA:120,10,0,0
BRDA:150,11,0,0
BRDA:150,11,1,0
BRDA:152,12,0,0
BRDA:152,12,1,0
BRDA:161,13,0,0
BRDA:168,14,0,0
BRDA:168,14,1,0
BRDA:187,15,0,0
BRDA:187,15,1,0
BRDA:195,16,0,0
BRDA:199,17,0,0
BRDA:199,18,0,0
BRDA:199,18,1,0
BRDA:227,19,0,0
BRDA:227,19,1,0
BRDA:234,20,0,0
BRDA:262,21,0,0
BRDA:290,22,0,0
BRDA:320,23,0,0
BRF:33
BRH:0
end_of_record
TN:
SF:src/routes/interactions.ts
FN:7,(anonymous_0)
FN:45,(anonymous_1)
FN:84,(anonymous_2)
FN:148,(anonymous_3)
FNF:4
FNH:3
FNDA:1,(anonymous_0)
FNDA:1,(anonymous_1)
FNDA:3,(anonymous_2)
FNDA:0,(anonymous_3)
DA:1,17
DA:2,17
DA:4,17
DA:7,17
DA:8,1
DA:9,1
DA:11,1
DA:16,1
DA:17,0
DA:20,1
DA:22,1
DA:23,0
DA:30,1
DA:35,0
DA:36,0
DA:45,17
DA:46,1
DA:47,1
DA:49,1
DA:55,1
DA:56,0
DA:57,0
DA:62,0
DA:69,1
DA:74,0
DA:75,0
DA:84,17
DA:85,3
DA:86,3
DA:88,3
DA:89,1
DA:96,2
DA:106,2
DA:119,2
DA:120,0
DA:127,2
DA:138,0
DA:139,0
DA:148,17
DA:149,0
DA:150,0
DA:152,0
DA:157,0
DA:158,0
DA:165,0
DA:170,0
DA:171,0
DA:179,17
LF:48
LH:28
BRDA:16,0,0,0
BRDA:22,1,0,0
BRDA:55,2,0,0
BRDA:56,3,0,0
BRDA:88,4,0,1
BRDA:88,5,0,3
BRDA:88,5,1,2
BRDA:98,6,0,2
BRDA:98,6,1,1
BRDA:99,7,0,2
BRDA:99,7,1,0
BRDA:99,7,2,0
BRDA:100,8,0,2
BRDA:100,8,1,1
BRDA:110,9,0,2
BRDA:110,9,1,1
BRDA:112,10,0,2
BRDA:112,10,1,1
BRDA:119,11,0,0
BRDA:157,12,0,0
BRF:20
BRH:12
end_of_record
TN:
SF:src/routes/leads.ts
FN:17,(anonymous_0)
FN:68,(anonymous_1)
FN:141,(anonymous_2)
FN:207,(anonymous_3)
FN:273,(anonymous_4)
FNF:5
FNH:5
FNDA:1,(anonymous_0)
FNDA:1,(anonymous_1)
FNDA:1,(anonymous_2)
FNDA:1,(anonymous_3)
FNDA:1,(anonymous_4)
DA:1,17
DA:2,17
DA:3,17
DA:5,17
DA:6,17
DA:17,17
DA:18,1
DA:20,1
DA:21,1
DA:25,1
DA:27,1
DA:28,1
DA:34,1
DA:40,0
DA:41,0
DA:46,0
DA:68,17
DA:69,1
DA:71,1
DA:72,1
DA:74,1
DA:75,0
DA:79,0
DA:86,1
DA:91,1
DA:93,1
DA:94,1
DA:100,1
DA:106,0
DA:107,0
DA:112,0
DA:113,0
DA:120,0
DA:141,17
DA:142,1
DA:144,1
DA:145,1
DA:147,1
DA:148,0
DA:152,0
DA:159,1
DA:164,1
DA:166,1
DA:167,1
DA:174,1
DA:180,0
DA:181,0
DA:186,0
DA:207,17
DA:208,1
DA:210,1
DA:211,1
DA:213,1
DA:214,0
DA:218,0
DA:225,1
DA:230,1
DA:232,1
DA:233,1
DA:240,1
DA:246,0
DA:247,0
DA:252,0
DA:273,17
DA:274,1
DA:276,1
DA:277,1
DA:279,1
DA:280,0
DA:284,0
DA:291,1
DA:296,1
DA:298,1
DA:299,1
DA:306,1
DA:312,0
DA:313,0
DA:318,0
DA:326,17
LF:79
LH:54
BRDA:48,0,0,0
BRDA:48,0,1,0
BRDA:74,1,0,0
BRDA:112,2,0,0
BRDA:122,3,0,0
BRDA:122,3,1,0
BRDA:147,4,0,0
BRDA:188,5,0,0
BRDA:188,5,1,0
BRDA:213,6,0,0
BRDA:254,7,0,0
BRDA:254,7,1,0
BRDA:279,8,0,0
BRDA:320,9,0,0
BRDA:320,9,1,0
BRF:15
BRH:0
end_of_record
TN:
SF:src/routes/mcp.ts
FN:13,(anonymous_0)
FN:35,(anonymous_1)
FN:57,(anonymous_2)
FN:82,(anonymous_3)
FNF:4
FNH:4
FNDA:3,(anonymous_0)
FNDA:2,(anonymous_1)
FNDA:3,(anonymous_2)
FNDA:3,(anonymous_3)
DA:1,17
DA:2,17
DA:3,17
DA:5,17
DA:6,17
DA:13,17
DA:14,3
DA:15,3
DA:16,3
DA:18,3
DA:22,0
DA:23,0
DA:35,17
DA:36,2
DA:37,2
DA:38,2
DA:40,2
DA:44,0
DA:45,0
DA:57,17
DA:58,3
DA:59,3
DA:60,3
DA:62,3
DA:63,3
DA:65,1
DA:69,2
DA:70,2
DA:82,17
DA:83,3
DA:84,3
DA:86,3
DA:89,3
DA:90,1
DA:91,1
DA:97,2
DA:101,0
DA:102,0
DA:109,17
LF:39
LH:33
BRDA:60,0,0,3
BRDA:60,0,1,0
BRDA:89,1,0,1
BRF:3
BRH:2
end_of_record
TN:
SF:src/routes/metrics.ts
FN:19,(anonymous_0)
FN:53,(anonymous_1)
FN:59,(anonymous_2)
FN:66,(anonymous_3)
FN:70,(anonymous_4)
FN:73,(anonymous_5)
FN:108,(anonymous_6)
FN:115,(anonymous_7)
FN:116,(anonymous_8)
FN:122,(anonymous_9)
FN:150,(anonymous_10)
FN:155,(anonymous_11)
FN:160,(anonymous_12)
FN:187,(anonymous_13)
FN:211,(anonymous_14)
FN:249,(anonymous_15)
FNF:16
FNH:13
FNDA:2,(anonymous_0)
FNDA:210,(anonymous_1)
FNDA:655,(anonymous_2)
FNDA:655,(anonymous_3)
FNDA:210,(anonymous_4)
FNDA:210,(anonymous_5)
FNDA:2,(anonymous_6)
FNDA:210,(anonymous_7)
FNDA:210,(anonymous_8)
FNDA:656,(anonymous_9)
FNDA:1,(anonymous_10)
FNDA:105,(anonymous_11)
FNDA:328,(anonymous_12)
FNDA:0,(anonymous_13)
FNDA:0,(anonymous_14)
FNDA:0,(anonymous_15)
DA:1,17
DA:2,17
DA:3,17
DA:11,17
DA:19,17
DA:20,2
DA:22,2
DA:26,2
DA:30,2
DA:34,2
DA:35,0
DA:36,0
DA:38,2
DA:39,0
DA:40,0
DA:42,2
DA:43,0
DA:44,0
DA:48,2
DA:49,2
DA:50,2
DA:53,2
DA:54,210
DA:55,210
DA:59,2
DA:60,655
DA:61,655
DA:65,2
DA:66,655
DA:70,210
DA:73,210
DA:74,2
DA:76,2
DA:95,0
DA:96,0
DA:108,17
DA:109,2
DA:110,2
DA:111,2
DA:112,2
DA:114,2
DA:115,210
DA:116,210
DA:117,2
DA:121,2
DA:122,656
DA:125,2
DA:137,0
DA:138,0
DA:150,17
DA:151,1
DA:152,1
DA:153,1
DA:155,1
DA:156,105
DA:157,105
DA:160,1
DA:161,328
DA:162,328
DA:165,1
DA:174,0
DA:175,0
DA:187,17
DA:188,0
DA:189,0
DA:190,0
DA:192,0
DA:198,0
DA:199,0
DA:211,17
DA:212,0
DA:213,0
DA:215,0
DA:218,0
DA:221,0
DA:224,0
DA:226,0
DA:236,0
DA:237,0
DA:249,17
DA:250,0
DA:251,0
DA:252,0
DA:254,0
DA:260,0
DA:261,0
DA:269,17
LF:87
LH:54
BRDA:34,0,0,0
BRDA:38,1,0,0
BRDA:42,2,0,0
BRDA:48,3,0,2
BRDA:48,3,1,0
BRDA:49,4,0,2
BRDA:49,4,1,0
BRDA:50,5,0,2
BRDA:50,5,1,0
BRDA:53,6,0,2
BRDA:53,6,1,0
BRDA:54,7,0,210
BRDA:54,7,1,6
BRDA:59,8,0,2
BRDA:59,8,1,0
BRDA:60,9,0,655
BRDA:60,9,1,6
BRDA:65,10,0,2
BRDA:65,10,1,0
BRDA:65,11,0,2
BRDA:65,11,1,2
BRDA:66,12,0,655
BRDA:66,12,1,185
BRDA:70,13,0,2
BRDA:70,13,1,0
BRDA:73,14,0,2
BRDA:73,14,1,0
BRDA:73,15,0,210
BRDA:73,15,1,140
BRDA:74,16,0,2
BRDA:74,16,1,0
BRDA:114,17,0,2
BRDA:114,17,1,0
BRDA:115,18,0,2
BRDA:115,18,1,0
BRDA:116,19,0,2
BRDA:116,19,1,0
BRDA:116,20,0,210
BRDA:116,20,1,140
BRDA:117,21,0,2
BRDA:117,21,1,0
BRDA:117,22,0,2
BRDA:117,22,1,2
BRDA:121,23,0,2
BRDA:121,23,1,0
BRDA:121,24,0,2
BRDA:121,24,1,2
BRDA:122,25,0,656
BRDA:122,25,1,186
BRDA:155,26,0,1
BRDA:155,26,1,0
BRDA:156,27,0,105
BRDA:156,27,1,3
BRDA:160,28,0,1
BRDA:160,28,1,0
BRDA:161,29,0,328
BRDA:161,29,1,3
BRF:57
BRH:38
end_of_record
TN:
SF:src/routes/rag.ts
FN:7,(anonymous_0)
FN:37,(anonymous_1)
FN:76,(anonymous_2)
FN:121,(anonymous_3)
FN:162,(anonymous_4)
FN:203,(anonymous_5)
FNF:6
FNH:0
FNDA:0,(anonymous_0)
FNDA:0,(anonymous_1)
FNDA:0,(anonymous_2)
FNDA:0,(anonymous_3)
FNDA:0,(anonymous_4)
FNDA:0,(anonymous_5)
DA:1,17
DA:2,17
DA:4,17
DA:7,17
DA:8,0
DA:9,0
DA:14,0
DA:15,0
DA:22,0
DA:27,0
DA:28,0
DA:37,17
DA:38,0
DA:39,0
DA:41,0
DA:47,0
DA:48,0
DA:49,0
DA:54,0
DA:61,0
DA:66,0
DA:67,0
DA:76,17
DA:77,0
DA:78,0
DA:80,0
DA:81,0
DA:87,0
DA:98,0
DA:99,0
DA:106,0
DA:111,0
DA:112,0
DA:121,17
DA:122,0
DA:123,0
DA:125,0
DA:126,0
DA:132,0
DA:139,0
DA:140,0
DA:147,0
DA:152,0
DA:153,0
DA:162,17
DA:163,0
DA:164,0
DA:166,0
DA:167,0
DA:173,0
DA:180,0
DA:181,0
DA:188,0
DA:193,0
DA:194,0
DA:203,17
DA:204,0
DA:205,0
DA:207,0
DA:212,0
DA:213,0
DA:220,0
DA:225,0
DA:226,0
DA:234,17
LF:65
LH:10
BRDA:14,0,0,0
BRDA:47,1,0,0
BRDA:48,2,0,0
BRDA:80,3,0,0
BRDA:80,4,0,0
BRDA:80,4,1,0
BRDA:98,5,0,0
BRDA:123,6,0,0
BRDA:123,7,0,0
BRDA:125,8,0,0
BRDA:125,9,0,0
BRDA:125,9,1,0
BRDA:139,10,0,0
BRDA:164,11,0,0
BRDA:164,12,0,0
BRDA:166,13,0,0
BRDA:166,14,0,0
BRDA:166,14,1,0
BRDA:180,15,0,0
BRDA:212,16,0,0
BRF:20
BRH:0
end_of_record
TN:
SF:src/routes/semantic-flags.ts
FN:12,(anonymous_0)
FN:47,(anonymous_1)
FN:86,(anonymous_2)
FN:150,(anonymous_3)
FN:168,(anonymous_4)
FN:169,(anonymous_5)
FN:170,(anonymous_6)
FN:173,(anonymous_7)
FN:177,(anonymous_8)
FN:184,(anonymous_9)
FN:211,(anonymous_10)
FNF:11
FNH:0
FNDA:0,(anonymous_0)
FNDA:0,(anonymous_1)
FNDA:0,(anonymous_2)
FNDA:0,(anonymous_3)
FNDA:0,(anonymous_4)
FNDA:0,(anonymous_5)
FNDA:0,(anonymous_6)
FNDA:0,(anonymous_7)
FNDA:0,(anonymous_8)
FNDA:0,(anonymous_9)
FNDA:0,(anonymous_10)
DA:1,17
DA:2,17
DA:4,17
DA:12,17
DA:13,0
DA:14,0
DA:17,0
DA:21,0
DA:22,0
DA:30,0
DA:32,0
DA:37,0
DA:38,0
DA:47,17
DA:48,0
DA:49,0
DA:51,0
DA:57,0
DA:58,0
DA:59,0
DA:64,0
DA:71,0
DA:76,0
DA:77,0
DA:86,17
DA:87,0
DA:88,0
DA:89,0
DA:91,0
DA:92,0
DA:98,0
DA:99,0
DA:106,0
DA:111,0
DA:112,0
DA:113,0
DA:118,0
DA:125,0
DA:126,0
DA:132,0
DA:140,0
DA:141,0
DA:150,17
DA:151,0
DA:153,0
DA:157,0
DA:158,0
DA:166,0
DA:167,0
DA:168,0
DA:169,0
DA:170,0
DA:173,0
DA:174,0
DA:177,0
DA:178,0
DA:179,0
DA:183,0
DA:184,0
DA:187,0
DA:201,0
DA:202,0
DA:211,17
DA:212,0
DA:213,0
DA:216,0
DA:222,0
DA:223,0
DA:224,0
DA:229,0
DA:237,0
DA:242,0
DA:243,0
DA:250,0
DA:255,0
DA:256,0
DA:264,17
LF:77
LH:9
BRDA:14,0,0,0
BRDA:14,1,0,0
BRDA:21,2,0,0
BRDA:57,3,0,0
BRDA:58,4,0,0
BRDA:91,5,0,0
BRDA:98,6,0,0
BRDA:111,7,0,0
BRDA:112,8,0,0
BRDA:125,9,0,0
BRDA:125,10,0,0
BRDA:125,10,1,0
BRDA:157,11,0,0
BRDA:174,12,0,0
BRDA:174,12,1,0
BRDA:178,13,0,0
BRDA:178,13,1,0
BRDA:222,14,0,0
BRDA:223,15,0,0
BRDA:242,16,0,0
BRF:20
BRH:0
end_of_record
TN:
SF:src/routes/settings.ts
FN:7,(anonymous_0)
FN:20,(anonymous_1)
FN:38,(anonymous_2)
FN:73,(anonymous_3)
FN:115,(anonymous_4)
FN:158,(anonymous_5)
FNF:6
FNH:6
FNDA:2,(anonymous_0)
FNDA:20,(anonymous_1)
FNDA:2,(anonymous_2)
FNDA:5,(anonymous_3)
FNDA:2,(anonymous_4)
FNDA:1,(anonymous_5)
DA:1,17
DA:2,17
DA:4,17
DA:7,17
DA:8,2
DA:9,2
DA:14,2
DA:15,0
DA:19,2
DA:20,2
DA:21,20
DA:24,2
DA:29,0
DA:30,0
DA:38,17
DA:39,2
DA:40,2
DA:42,2
DA:48,2
DA:49,1
DA:50,1
DA:55,0
DA:58,1
DA:64,0
DA:65,0
DA:73,17
DA:74,5
DA:75,5
DA:77,5
DA:78,2
DA:85,3
DA:91,3
DA:92,0
DA:95,3
DA:97,3
DA:106,0
DA:107,0
DA:115,17
DA:116,2
DA:117,2
DA:118,2
DA:120,2
DA:121,1
DA:127,1
DA:134,1
DA:135,0
DA:138,1
DA:140,1
DA:149,0
DA:150,0
DA:158,17
DA:159,1
DA:160,1
DA:162,1
DA:167,1
DA:168,0
DA:171,1
DA:173,1
DA:179,0
DA:180,0
DA:187,17
LF:61
LH:46
BRDA:14,0,0,0
BRDA:48,1,0,1
BRDA:49,2,0,1
BRDA:77,3,0,2
BRDA:77,4,0,5
BRDA:77,4,1,4
BRDA:91,5,0,0
BRDA:120,6,0,1
BRDA:134,7,0,0
BRDA:167,8,0,0
BRF:10
BRH:6
end_of_record
TN:
SF:src/routes/tickets.ts
FN:7,(anonymous_0)
FN:49,(anonymous_1)
FN:88,(anonymous_2)
FN:133,(anonymous_3)
FN:175,(anonymous_4)
FNF:5
FNH:1
FNDA:2,(anonymous_0)
FNDA:0,(anonymous_1)
FNDA:0,(anonymous_2)
FNDA:0,(anonymous_3)
FNDA:0,(anonymous_4)
DA:1,17
DA:2,17
DA:4,17
DA:7,17
DA:8,2
DA:9,2
DA:11,2
DA:16,2
DA:17,0
DA:20,2
DA:21,0
DA:24,2
DA:26,2
DA:27,0
DA:34,2
DA:39,0
DA:40,0
DA:49,17
DA:50,0
DA:51,0
DA:53,0
DA:59,0
DA:60,0
DA:61,0
DA:66,0
DA:73,0
DA:78,0
DA:79,0
DA:88,17
DA:89,0
DA:90,0
DA:92,0
DA:93,0
DA:99,0
DA:110,0
DA:111,0
DA:118,0
DA:123,0
DA:124,0
DA:133,17
DA:134,0
DA:135,0
DA:136,0
DA:138,0
DA:139,0
DA:140,0
DA:141,0
DA:142,0
DA:143,0
DA:145,0
DA:152,0
DA:153,0
DA:160,0
DA:165,0
DA:166,0
DA:175,17
DA:176,0
DA:177,0
DA:179,0
DA:184,0
DA:185,0
DA:192,0
DA:197,0
DA:198,0
DA:206,17
LF:65
LH:17
BRDA:16,0,0,0
BRDA:20,1,0,0
BRDA:26,2,0,0
BRDA:59,3,0,0
BRDA:60,4,0,0
BRDA:92,5,0,0
BRDA:92,6,0,0
BRDA:92,6,1,0
BRDA:105,7,0,0
BRDA:105,7,1,0
BRDA:110,8,0,0
BRDA:139,9,0,0
BRDA:140,10,0,0
BRDA:141,11,0,0
BRDA:142,12,0,0
BRDA:143,13,0,0
BRDA:152,14,0,0
BRDA:184,15,0,0
BRF:18
BRH:0
end_of_record
TN:
SF:src/routes/webhook.ts
FN:28,extractPhoneNumber
FN:35,extractMessageText
FN:46,processConversation
FN:58,processImageMessage
FN:74,processAudioMessage
FN:91,(anonymous_5)
FN:187,(anonymous_6)
FNF:7
FNH:7
FNDA:7,extractPhoneNumber
FNDA:3,extractMessageText
FNDA:3,processConversation
FNDA:1,processImageMessage
FNDA:1,processAudioMessage
FNDA:10,(anonymous_5)
FNDA:1,(anonymous_6)
DA:1,17
DA:3,17
DA:30,7
DA:31,6
DA:36,3
DA:37,2
DA:39,1
DA:40,1
DA:42,0
DA:47,3
DA:48,3
DA:54,3
DA:59,1
DA:60,1
DA:62,1
DA:63,1
DA:64,1
DA:70,1
DA:75,1
DA:76,1
DA:78,1
DA:79,1
DA:80,1
DA:87,1
DA:91,17
DA:92,10
DA:93,10
DA:96,10
DA:99,10
DA:100,1
DA:101,1
DA:108,9
DA:109,1
DA:110,1
DA:117,8
DA:118,1
DA:119,1
DA:126,7
DA:127,7
DA:128,6
DA:129,6
DA:131,6
DA:132,6
DA:133,6
DA:138,6
DA:141,3
DA:142,3
DA:145,1
DA:146,1
DA:149,1
DA:150,1
DA:153,1
DA:154,1
DA:160,5
DA:162,5
DA:175,1
DA:178,1
DA:187,17
DA:188,1
DA:200,17
LF:60
LH:59
BRDA:36,0,0,2
BRDA:39,1,0,1
BRDA:60,2,0,1
BRDA:60,2,1,0
BRDA:70,3,0,1
BRDA:70,3,1,0
BRDA:76,4,0,1
BRDA:76,4,1,0
BRDA:99,5,0,1
BRDA:108,6,0,1
BRDA:117,7,0,1
BRDA:128,8,0,6
BRDA:128,8,1,0
BRDA:138,9,0,2
BRDA:138,9,1,3
BRDA:138,9,2,1
BRDA:138,9,3,1
BRDA:138,9,4,1
BRF:18
BRH:14
end_of_record
TN:
SF:src/routes/whatsapp.ts
FN:38,(anonymous_0)
FN:149,(anonymous_1)
FN:256,(anonymous_2)
FN:285,(anonymous_3)
FN:328,(anonymous_4)
FN:396,(anonymous_5)
FN:497,(anonymous_6)
FN:625,(anonymous_7)
FNF:8
FNH:4
FNDA:6,(anonymous_0)
FNDA:0,(anonymous_1)
FNDA:0,(anonymous_2)
FNDA:0,(anonymous_3)
FNDA:0,(anonymous_4)
FNDA:3,(anonymous_5)
FNDA:2,(anonymous_6)
FNDA:3,(anonymous_7)
DA:1,17
DA:2,17
DA:3,17
DA:4,17
DA:5,17
DA:6,17
DA:9,17
DA:12,17
DA:15,17
DA:16,17
DA:17,17
DA:19,17
DA:38,17
DA:39,6
DA:41,6
DA:44,6
DA:48,6
DA:55,6
DA:57,6
DA:58,4
DA:65,4
DA:66,4
DA:68,4
DA:69,0
DA:77,0
DA:87,0
DA:96,6
DA:98,6
DA:99,6
DA:107,6
DA:116,0
DA:117,0
DA:124,0
DA:149,17
DA:150,0
DA:152,0
DA:155,0
DA:158,0
DA:159,0
DA:164,0
DA:169,0
DA:172,0
DA:179,0
DA:182,0
DA:184,0
DA:185,0
DA:191,0
DA:200,0
DA:201,0
DA:204,0
DA:211,0
DA:212,0
DA:213,0
DA:216,0
DA:217,0
DA:218,0
DA:227,0
DA:228,0
DA:229,0
DA:230,0
DA:238,0
DA:250,0
DA:256,0
DA:257,0
DA:266,0
DA:277,0
DA:278,0
DA:285,0
DA:286,0
DA:293,0
DA:294,0
DA:303,0
DA:312,0
DA:317,0
DA:328,0
DA:329,0
DA:330,0
DA:338,0
DA:342,0
DA:345,0
DA:346,0
DA:354,0
DA:357,0
DA:358,0
DA:367,0
DA:370,0
DA:396,17
DA:397,3
DA:399,3
DA:402,3
DA:405,3
DA:406,1
DA:411,1
DA:418,2
DA:425,2
DA:427,2
DA:428,1
DA:433,1
DA:441,1
DA:443,1
DA:444,1
DA:454,1
DA:462,0
DA:463,0
DA:469,0
DA:497,17
DA:498,2
DA:500,2
DA:503,2
DA:507,2
DA:508,1
DA:513,1
DA:520,1
DA:527,1
DA:529,1
DA:530,0
DA:535,0
DA:542,1
DA:549,1
DA:550,0
DA:555,0
DA:559,1
DA:560,0
DA:565,0
DA:577,1
DA:579,1
DA:580,1
DA:588,1
DA:596,0
DA:597,0
DA:603,0
DA:625,17
DA:626,3
DA:628,3
DA:630,3
DA:632,3
DA:633,1
DA:638,1
DA:645,2
DA:652,2
DA:654,2
DA:655,1
DA:660,1
DA:668,1
DA:670,1
DA:671,1
DA:678,1
DA:686,0
DA:692,0
DA:694,0
DA:702,0
DA:708,0
DA:710,0
DA:717,0
DA:718,0
DA:728,0
DA:737,0
DA:738,0
DA:744,0
DA:753,17
LF:160
LH:78
BRDA:44,0,0,6
BRDA:44,0,1,0
BRDA:44,0,2,0
BRDA:57,1,0,4
BRDA:68,2,0,0
BRDA:126,3,0,0
BRDA:126,3,1,0
BRDA:155,4,0,0
BRDA:155,4,1,0
BRDA:158,5,0,0
BRDA:184,6,0,0
BRDA:229,7,0,0
BRDA:277,8,0,0
BRDA:277,9,0,0
BRDA:277,9,1,0
BRDA:277,9,2,0
BRDA:293,10,0,0
BRDA:354,11,0,0
BRDA:354,11,1,0
BRDA:357,12,0,0
BRDA:357,12,1,0
BRDA:357,13,0,0
BRDA:357,13,1,0
BRDA:362,14,0,0
BRDA:362,14,1,0
BRDA:372,15,0,0
BRDA:372,15,1,0
BRDA:402,16,0,3
BRDA:402,16,1,1
BRDA:405,17,0,1
BRDA:427,18,0,1
BRDA:471,19,0,0
BRDA:471,19,1,0
BRDA:503,20,0,2
BRDA:503,20,1,1
BRDA:503,20,2,1
BRDA:507,21,0,1
BRDA:529,22,0,0
BRDA:549,23,0,0
BRDA:559,24,0,0
BRDA:605,25,0,0
BRDA:605,25,1,0
BRDA:632,26,0,1
BRDA:654,27,0,1
BRDA:670,28,0,1
BRDA:746,29,0,0
BRDA:746,29,1,0
BRF:47
BRH:13
end_of_record
TN:
SF:src/scripts/importWhatsAppHistory.ts
FN:28,importWhatsAppHistory
FN:138,findOrCreateCustomer
FNF:2
FNH:0
FNDA:0,importWhatsAppHistory
FNDA:0,findOrCreateCustomer
DA:1,0
DA:2,0
DA:3,0
DA:4,0
DA:28,0
DA:32,0
DA:34,0
DA:36,0
DA:37,0
DA:39,0
DA:40,0
DA:41,0
DA:44,0
DA:45,0
DA:46,0
DA:47,0
DA:49,0
DA:52,0
DA:53,0
DA:54,0
DA:55,0
DA:56,0
DA:59,0
DA:62,0
DA:63,0
DA:64,0
DA:66,0
DA:74,0
DA:77,0
DA:79,0
DA:92,0
DA:94,0
DA:95,0
DA:100,0
DA:101,0
DA:105,0
DA:106,0
DA:107,0
DA:109,0
DA:114,0
DA:115,0
DA:120,0
DA:121,0
DA:122,0
DA:123,0
DA:125,0
DA:133,0
DA:134,0
DA:139,0
DA:141,0
DA:147,0
DA:148,0
DA:149,0
DA:153,0
DA:164,0
DA:165,0
DA:166,0
DA:169,0
DA:170,0
DA:173,0
DA:174,0
LF:61
LH:0
BRDA:53,0,0,0
BRDA:100,1,0,0
BRDA:105,2,0,0
BRDA:105,2,1,0
BRDA:147,3,0,0
BRDA:164,4,0,0
BRF:6
BRH:0
end_of_record
TN:
SF:src/services/asrTranscriptionService.ts
FN:37,(anonymous_10)
FN:62,(anonymous_11)
FN:121,(anonymous_12)
FN:175,(anonymous_13)
FN:233,(anonymous_14)
FN:276,(anonymous_15)
FN:320,(anonymous_16)
FN:341,(anonymous_17)
FN:350,(anonymous_18)
FN:381,(anonymous_19)
FNF:10
FNH:1
FNDA:17,(anonymous_10)
FNDA:0,(anonymous_11)
FNDA:0,(anonymous_12)
FNDA:0,(anonymous_13)
FNDA:0,(anonymous_14)
FNDA:0,(anonymous_15)
FNDA:0,(anonymous_16)
FNDA:0,(anonymous_17)
FNDA:0,(anonymous_18)
FNDA:0,(anonymous_19)
DA:1,17
DA:2,17
DA:3,17
DA:4,17
DA:5,17
DA:31,17
DA:38,17
DA:39,17
DA:40,17
DA:41,17
DA:44,17
DA:45,0
DA:47,17
DA:48,0
DA:50,17
DA:51,0
DA:68,0
DA:76,0
DA:79,0
DA:81,0
DA:82,0
DA:84,0
DA:85,0
DA:87,0
DA:88,0
DA:90,0
DA:94,0
DA:106,0
DA:109,0
DA:114,0
DA:126,0
DA:128,0
DA:131,0
DA:132,0
DA:137,0
DA:138,0
DA:141,0
DA:154,0
DA:156,0
DA:168,0
DA:180,0
DA:181,0
DA:183,0
DA:184,0
DA:188,0
DA:190,0
DA:191,0
DA:193,0
DA:194,0
DA:196,0
DA:197,0
DA:200,0
DA:212,0
DA:214,0
DA:226,0
DA:238,0
DA:240,0
DA:250,0
DA:253,0
DA:268,0
DA:271,0
DA:272,0
DA:273,0
DA:275,0
DA:276,0
DA:278,0
DA:287,0
DA:288,0
DA:289,0
DA:290,0
DA:291,0
DA:294,0
DA:297,0
DA:298,0
DA:301,0
DA:313,0
DA:322,0
DA:323,0
DA:327,0
DA:331,0
DA:332,0
DA:335,0
DA:343,0
DA:344,0
DA:358,0
DA:371,0
DA:372,0
DA:375,0
DA:392,0
DA:404,0
DA:405,0
DA:411,17
LF:92
LH:14
BRDA:44,0,0,0
BRDA:44,1,0,17
BRDA:44,1,1,17
BRDA:47,2,0,0
BRDA:47,3,0,17
BRDA:47,3,1,0
BRDA:50,4,0,0
BRDA:50,5,0,17
BRDA:50,5,1,0
BRDA:64,6,0,0
BRDA:79,7,0,0
BRDA:79,7,1,0
BRDA:79,7,2,0
BRDA:79,7,3,0
BRDA:137,8,0,0
BRDA:157,9,0,0
BRDA:157,9,1,0
BRDA:158,10,0,0
BRDA:158,10,1,0
BRDA:159,11,0,0
BRDA:159,11,1,0
BRDA:159,11,2,0
BRDA:188,12,0,0
BRDA:188,12,1,0
BRDA:190,13,0,0
BRDA:193,14,0,0
BRDA:196,15,0,0
BRDA:215,16,0,0
BRDA:215,16,1,0
BRDA:217,17,0,0
BRDA:217,17,1,0
BRDA:217,17,2,0
BRDA:222,18,0,0
BRDA:222,18,1,0
BRDA:257,19,0,0
BRDA:257,19,1,0
BRDA:258,20,0,0
BRDA:258,20,1,0
BRDA:275,21,0,0
BRDA:275,21,1,0
BRDA:287,22,0,0
BRDA:287,22,1,0
BRDA:290,23,0,0
BRDA:297,24,0,0
BRDA:302,25,0,0
BRDA:302,25,1,0
BRDA:303,26,0,0
BRDA:303,26,1,0
BRDA:304,27,0,0
BRDA:304,27,1,0
BRDA:304,27,2,0
BRDA:305,28,0,0
BRDA:305,28,1,0
BRDA:322,29,0,0
BRDA:322,30,0,0
BRDA:322,30,1,0
BRDA:331,31,0,0
BRDA:371,32,0,0
BRDA:400,33,0,0
BRDA:400,33,1,0
BRDA:404,34,0,0
BRF:61
BRH:4
end_of_record
TN:
SF:src/services/chartExplanationService.ts
FN:29,(anonymous_0)
FN:90,(anonymous_1)
FN:102,(anonymous_2)
FN:124,(anonymous_3)
FN:134,(anonymous_4)
FN:161,(anonymous_5)
FN:181,(anonymous_6)
FN:202,(anonymous_7)
FN:219,(anonymous_8)
FNF:9
FNH:0
FNDA:0,(anonymous_0)
FNDA:0,(anonymous_1)
FNDA:0,(anonymous_2)
FNDA:0,(anonymous_3)
FNDA:0,(anonymous_4)
FNDA:0,(anonymous_5)
FNDA:0,(anonymous_6)
FNDA:0,(anonymous_7)
FNDA:0,(anonymous_8)
DA:2,17
DA:3,17
DA:23,17
DA:32,0
DA:34,0
DA:35,0
DA:36,0
DA:42,0
DA:53,0
DA:54,0
DA:55,0
DA:61,0
DA:62,0
DA:65,0
DA:71,0
DA:76,0
DA:83,0
DA:94,0
DA:95,0
DA:97,0
DA:98,0
DA:102,0
DA:103,0
DA:104,0
DA:105,0
DA:106,0
DA:107,0
DA:110,0
DA:112,0
DA:113,0
DA:114,0
DA:117,0
DA:120,0
DA:121,0
DA:124,0
DA:125,0
DA:128,0
DA:140,0
DA:151,0
DA:152,0
DA:155,0
DA:166,0
DA:173,0
DA:174,0
DA:186,0
DA:194,0
DA:195,0
DA:203,0
DA:209,0
DA:210,0
DA:213,0
DA:220,0
DA:227,0
DA:228,0
DA:231,0
DA:236,17
LF:56
LH:4
BRDA:35,0,0,0
BRDA:53,1,0,0
BRDA:97,2,0,0
BRDA:110,3,0,0
BRDA:110,3,1,0
BRDA:112,4,0,0
BRDA:112,5,0,0
BRDA:112,5,1,0
BRDA:120,6,0,0
BRDA:124,7,0,0
BRDA:151,8,0,0
BRDA:173,9,0,0
BRDA:194,10,0,0
BRDA:209,11,0,0
BRDA:219,12,0,0
BRDA:227,13,0,0
BRDA:231,14,0,0
BRDA:231,14,1,0
BRF:18
BRH:0
end_of_record
TN:
SF:src/services/elevenLabsTTSService.ts
FN:37,(anonymous_1)
FN:55,(anonymous_2)
FN:156,(anonymous_3)
FN:174,(anonymous_4)
FN:205,(anonymous_5)
FN:236,(anonymous_6)
FN:271,(anonymous_7)
FN:280,(anonymous_8)
FN:297,(anonymous_9)
FNF:9
FNH:1
FNDA:17,(anonymous_1)
FNDA:0,(anonymous_2)
FNDA:0,(anonymous_3)
FNDA:0,(anonymous_4)
FNDA:0,(anonymous_5)
FNDA:0,(anonymous_6)
FNDA:0,(anonymous_7)
FNDA:0,(anonymous_8)
FNDA:0,(anonymous_9)
DA:1,17
DA:2,17
DA:3,17
DA:31,17
DA:38,17
DA:39,0
DA:42,17
DA:43,17
DA:44,17
DA:45,17
DA:60,0
DA:62,0
DA:63,0
DA:65,0
DA:66,0
DA:67,0
DA:68,0
DA:73,0
DA:81,0
DA:83,0
DA:106,0
DA:107,0
DA:113,0
DA:116,0
DA:129,0
DA:141,0
DA:146,0
DA:149,0
DA:157,0
DA:163,0
DA:164,0
DA:165,0
DA:168,0
DA:182,0
DA:195,0
DA:196,0
DA:199,0
DA:216,0
DA:228,0
DA:229,0
DA:240,0
DA:241,0
DA:242,0
DA:245,0
DA:252,0
DA:253,0
DA:257,0
DA:261,0
DA:263,0
DA:273,0
DA:274,0
DA:281,0
DA:282,0
DA:288,0
DA:290,0
DA:298,0
DA:299,0
DA:305,0
DA:307,0
DA:313,17
LF:60
LH:10
BRDA:38,0,0,0
BRDA:57,1,0,0
BRDA:62,2,0,0
BRDA:62,2,1,0
BRDA:63,3,0,0
BRDA:63,3,1,0
BRDA:65,4,0,0
BRDA:67,5,0,0
BRDA:89,6,0,0
BRDA:89,6,1,0
BRDA:90,7,0,0
BRDA:90,7,1,0
BRDA:91,8,0,0
BRDA:91,8,1,0
BRDA:92,9,0,0
BRDA:92,9,1,0
BRDA:143,10,0,0
BRDA:143,10,1,0
BRDA:163,11,0,0
BRDA:195,12,0,0
BRDA:224,13,0,0
BRDA:224,13,1,0
BRDA:228,14,0,0
BRDA:252,15,0,0
BRDA:288,16,0,0
BRDA:288,16,1,0
BRF:26
BRH:0
end_of_record
TN:
SF:src/services/evolutionService.ts
FN:66,(anonymous_0)
FN:91,(anonymous_1)
FN:152,(anonymous_2)
FN:163,(anonymous_3)
FN:172,(anonymous_4)
FN:183,(anonymous_5)
FN:251,(anonymous_6)
FN:267,(anonymous_7)
FN:316,(anonymous_8)
FN:383,(anonymous_9)
FN:427,(anonymous_10)
FNF:11
FNH:7
FNDA:17,(anonymous_0)
FNDA:6,(anonymous_1)
FNDA:11,(anonymous_2)
FNDA:6,(anonymous_3)
FNDA:0,(anonymous_4)
FNDA:6,(anonymous_5)
FNDA:6,(anonymous_6)
FNDA:0,(anonymous_7)
FNDA:1,(anonymous_8)
FNDA:0,(anonymous_9)
FNDA:0,(anonymous_10)
DA:1,17
DA:2,17
DA:3,17
DA:4,17
DA:61,17
DA:64,17
DA:68,17
DA:75,17
DA:77,17
DA:92,6
DA:94,6
DA:96,6
DA:97,6
DA:98,6
DA:100,6
DA:107,6
DA:114,6
DA:121,6
DA:123,6
DA:124,6
DA:133,6
DA:135,0
DA:136,0
DA:142,0
DA:153,11
DA:154,11
DA:164,6
DA:173,0
DA:184,6
DA:186,6
DA:187,6
DA:193,6
DA:198,6
DA:199,6
DA:200,6
DA:203,6
DA:204,6
DA:205,6
DA:206,6
DA:207,6
DA:211,6
DA:214,6
DA:215,5
DA:226,6
DA:232,0
DA:233,0
DA:240,0
DA:252,6
DA:253,6
DA:254,6
DA:257,0
DA:268,0
DA:270,0
DA:271,0
DA:277,0
DA:280,0
DA:282,0
DA:284,0
DA:285,0
DA:288,0
DA:289,0
DA:297,0
DA:299,0
DA:300,0
DA:306,0
DA:317,1
DA:319,1
DA:320,1
DA:326,1
DA:327,1
DA:328,1
DA:329,1
DA:330,1
DA:334,1
DA:335,1
DA:336,1
DA:345,1
DA:346,1
DA:350,1
DA:351,1
DA:358,0
DA:365,0
DA:366,0
DA:372,0
DA:384,0
DA:386,0
DA:387,0
DA:397,0
DA:399,0
DA:400,0
DA:407,0
DA:409,0
DA:410,0
DA:416,0
DA:428,0
DA:430,0
DA:431,0
DA:441,0
DA:443,0
DA:444,0
DA:451,0
DA:453,0
DA:454,0
DA:460,0
LF:104
LH:58
BRDA:142,0,0,0
BRDA:142,0,1,0
BRDA:198,1,0,6
BRDA:198,1,1,0
BRDA:200,2,0,6
BRDA:200,2,1,0
BRDA:204,3,0,6
BRDA:214,4,0,5
BRDA:253,5,0,6
BRDA:284,6,0,0
BRDA:306,7,0,0
BRDA:306,7,1,0
BRDA:328,8,0,1
BRDA:334,9,0,1
BRDA:361,10,0,0
BRDA:361,10,1,0
BRDA:372,11,0,0
BRDA:372,11,1,0
BRDA:416,12,0,0
BRDA:416,12,1,0
BRDA:460,13,0,0
BRDA:460,13,1,0
BRF:22
BRH:7
end_of_record
TN:
SF:src/services/logger.ts
FN:14,(anonymous_0)
FN:48,(anonymous_1)
FN:56,(anonymous_2)
FN:86,(anonymous_3)
FN:96,(anonymous_4)
FN:114,(anonymous_5)
FN:119,(anonymous_6)
FN:141,(anonymous_7)
FN:153,(anonymous_8)
FN:163,(anonymous_9)
FN:173,(anonymous_10)
FN:183,(anonymous_11)
FN:192,(anonymous_12)
FN:193,(anonymous_13)
FN:194,(anonymous_14)
FN:195,(anonymous_15)
FN:204,createLogger
FNF:17
FNH:12
FNDA:18,(anonymous_0)
FNDA:138,(anonymous_1)
FNDA:159,(anonymous_2)
FNDA:166,(anonymous_3)
FNDA:159,(anonymous_4)
FNDA:532,(anonymous_5)
FNDA:246,(anonymous_6)
FNDA:7,(anonymous_7)
FNDA:6,(anonymous_8)
FNDA:146,(anonymous_9)
FNDA:7,(anonymous_10)
FNDA:0,(anonymous_11)
FNDA:0,(anonymous_12)
FNDA:0,(anonymous_13)
FNDA:0,(anonymous_14)
FNDA:0,(anonymous_15)
FNDA:138,createLogger
DA:14,18
DA:15,18
DA:16,18
DA:17,18
DA:18,18
DA:44,18
DA:49,138
DA:50,138
DA:62,159
DA:72,159
DA:73,0
DA:80,159
DA:87,166
DA:88,166
DA:89,166
DA:90,166
DA:97,159
DA:104,159
DA:106,159
DA:107,127
DA:110,159
DA:113,159
DA:114,532
DA:117,159
DA:118,112
DA:119,246
DA:121,112
DA:125,159
DA:126,0
DA:127,0
DA:128,0
DA:130,0
DA:131,0
DA:135,159
DA:142,7
DA:144,7
DA:145,7
DA:154,6
DA:156,6
DA:157,6
DA:164,146
DA:166,146
DA:167,146
DA:174,7
DA:176,0
DA:177,0
DA:184,0
DA:187,0
DA:188,0
DA:189,0
DA:190,0
DA:192,0
DA:193,0
DA:194,0
DA:195,0
DA:197,0
DA:204,18
DA:205,138
DA:211,18
LF:59
LH:41
BRDA:14,0,0,18
BRDA:14,0,1,18
BRDA:48,1,0,138
BRDA:72,2,0,0
BRDA:106,3,0,127
BRDA:113,4,0,159
BRDA:113,4,1,0
BRDA:117,5,0,112
BRDA:125,6,0,0
BRDA:127,7,0,0
BRDA:130,8,0,0
BRDA:142,9,0,0
BRDA:154,10,0,0
BRDA:164,11,0,0
BRDA:174,12,0,7
BRF:15
BRH:7
end_of_record
TN:
SF:src/services/mcpService.ts
FN:50,(anonymous_0)
FN:124,(anonymous_1)
FN:139,(anonymous_2)
FN:154,(anonymous_3)
FN:199,(anonymous_4)
FN:205,(anonymous_5)
FN:221,(anonymous_6)
FN:236,(anonymous_7)
FN:260,(anonymous_8)
FN:284,(anonymous_9)
FN:299,(anonymous_10)
FN:314,(anonymous_11)
FNF:12
FNH:4
FNDA:5,(anonymous_0)
FNDA:2,(anonymous_1)
FNDA:0,(anonymous_2)
FNDA:5,(anonymous_3)
FNDA:0,(anonymous_4)
FNDA:0,(anonymous_5)
FNDA:0,(anonymous_6)
FNDA:0,(anonymous_7)
FNDA:2,(anonymous_8)
FNDA:0,(anonymous_9)
FNDA:0,(anonymous_10)
FNDA:0,(anonymous_11)
DA:1,18
DA:2,18
DA:3,18
DA:38,18
DA:46,18
DA:51,5
DA:53,5
DA:125,2
DA:127,2
DA:129,2
DA:134,2
DA:135,2
DA:136,2
DA:139,0
DA:146,0
DA:147,0
DA:155,5
DA:157,5
DA:158,5
DA:160,0
DA:161,0
DA:162,0
DA:164,0
DA:167,1
DA:168,1
DA:169,1
DA:171,0
DA:174,2
DA:175,2
DA:178,0
DA:179,0
DA:180,0
DA:182,0
DA:185,0
DA:188,2
DA:191,3
DA:192,3
DA:200,0
DA:202,0
DA:205,0
DA:208,0
DA:215,0
DA:216,0
DA:219,0
DA:221,0
DA:228,0
DA:229,0
DA:237,0
DA:239,0
DA:240,0
DA:246,0
DA:247,0
DA:250,0
DA:252,0
DA:253,0
DA:261,2
DA:263,2
DA:264,2
DA:270,2
DA:271,0
DA:274,2
DA:276,0
DA:277,0
DA:285,0
DA:287,0
DA:288,0
DA:289,0
DA:291,0
DA:292,0
DA:300,0
DA:302,0
DA:303,0
DA:304,0
DA:306,0
DA:307,0
DA:315,0
DA:322,0
DA:327,18
LF:78
LH:30
BRDA:134,0,0,2
BRDA:139,1,0,0
BRDA:139,1,1,0
BRDA:158,2,0,0
BRDA:158,2,1,1
BRDA:158,2,2,2
BRDA:158,2,3,0
BRDA:158,2,4,0
BRDA:158,2,5,2
BRDA:161,3,0,0
BRDA:168,4,0,1
BRDA:174,5,0,2
BRDA:174,5,1,0
BRDA:179,6,0,0
BRDA:215,7,0,0
BRDA:221,8,0,0
BRDA:221,8,1,0
BRDA:246,9,0,0
BRDA:260,10,0,0
BRDA:270,11,0,0
BRDA:274,12,0,2
BRDA:274,12,1,0
BRDA:322,13,0,0
BRDA:322,13,1,0
BRF:24
BRH:7
end_of_record
TN:
SF:src/services/sseManager.ts
FN:25,(anonymous_0)
FN:39,(anonymous_1)
FN:58,(anonymous_2)
FN:81,(anonymous_3)
FN:132,(anonymous_4)
FN:158,(anonymous_5)
FN:206,(anonymous_6)
FN:215,(anonymous_7)
FN:224,(anonymous_8)
FN:233,(anonymous_9)
FNF:10
FNH:2
FNDA:17,(anonymous_0)
FNDA:0,(anonymous_1)
FNDA:0,(anonymous_2)
FNDA:0,(anonymous_3)
FNDA:0,(anonymous_4)
FNDA:0,(anonymous_5)
FNDA:1,(anonymous_6)
FNDA:0,(anonymous_7)
FNDA:0,(anonymous_8)
FNDA:0,(anonymous_9)
DA:2,17
DA:21,17
DA:23,17
DA:27,17
DA:28,17
DA:40,0
DA:46,0
DA:47,0
DA:48,0
DA:49,0
DA:52,0
DA:55,0
DA:58,0
DA:59,0
DA:64,0
DA:67,0
DA:82,0
DA:84,0
DA:85,0
DA:90,0
DA:93,0
DA:95,0
DA:96,0
DA:97,0
DA:99,0
DA:107,0
DA:109,0
DA:112,0
DA:119,0
DA:121,0
DA:133,0
DA:134,0
DA:136,0
DA:137,0
DA:138,0
DA:142,0
DA:149,0
DA:159,0
DA:161,0
DA:162,0
DA:166,0
DA:169,0
DA:170,0
DA:177,0
DA:178,0
DA:182,0
DA:184,0
DA:190,0
DA:196,0
DA:207,1
DA:216,0
DA:225,0
DA:234,0
DA:236,0
DA:241,0
DA:243,0
DA:244,0
DA:247,0
LF:58
LH:6
BRDA:84,0,0,0
BRDA:133,1,0,0
BRDA:133,1,1,0
BRDA:137,2,0,0
BRDA:161,3,0,0
BRDA:177,4,0,0
BRF:6
BRH:0
end_of_record
TN:
SF:src/services/statusChecker.ts
FN:38,(anonymous_0)
FN:63,(anonymous_1)
FN:87,(anonymous_2)
FN:92,(anonymous_3)
FN:140,(anonymous_4)
FN:222,(anonymous_5)
FN:264,(anonymous_6)
FN:274,(anonymous_7)
FN:291,(anonymous_8)
FN:300,(anonymous_9)
FN:307,(anonymous_10)
FNF:11
FNH:2
FNDA:17,(anonymous_0)
FNDA:0,(anonymous_1)
FNDA:0,(anonymous_2)
FNDA:0,(anonymous_3)
FNDA:0,(anonymous_4)
FNDA:0,(anonymous_5)
FNDA:1,(anonymous_6)
FNDA:0,(anonymous_7)
FNDA:0,(anonymous_8)
FNDA:0,(anonymous_9)
FNDA:0,(anonymous_10)
DA:2,17
DA:3,17
DA:31,17
DA:36,17
DA:40,17
DA:43,17
DA:46,17
DA:47,17
DA:49,17
DA:69,0
DA:70,0
DA:75,0
DA:78,0
DA:87,0
DA:88,0
DA:92,0
DA:93,0
DA:101,0
DA:108,0
DA:112,0
DA:121,0
DA:123,0
DA:131,0
DA:144,0
DA:146,0
DA:147,0
DA:151,0
DA:154,0
DA:155,0
DA:163,0
DA:166,0
DA:168,0
DA:169,0
DA:179,0
DA:180,0
DA:183,0
DA:186,0
DA:187,0
DA:192,0
DA:195,0
DA:202,0
DA:209,0
DA:224,0
DA:226,0
DA:227,0
DA:231,0
DA:234,0
DA:241,0
DA:242,0
DA:245,0
DA:247,0
DA:248,0
DA:265,1
DA:275,0
DA:276,0
DA:278,0
DA:292,0
DA:301,0
DA:308,0
DA:310,0
DA:315,0
DA:317,0
DA:318,0
DA:321,0
LF:64
LH:10
BRDA:46,0,0,17
BRDA:46,0,1,0
BRDA:47,1,0,17
BRDA:47,1,1,0
BRDA:69,2,0,0
BRDA:146,3,0,0
BRDA:168,4,0,0
BRDA:168,4,1,0
BRDA:186,5,0,0
BRDA:226,6,0,0
BRDA:276,7,0,0
BRF:11
BRH:2
end_of_record
TN:
SF:src/services/whatsAppAudioProcessor.ts
FN:36,(anonymous_1)
FN:91,(anonymous_2)
FN:110,(anonymous_3)
FN:131,(anonymous_4)
FN:165,(anonymous_5)
FN:203,(anonymous_6)
FNF:6
FNH:0
FNDA:0,(anonymous_1)
FNDA:0,(anonymous_2)
FNDA:0,(anonymous_3)
FNDA:0,(anonymous_4)
FNDA:0,(anonymous_5)
FNDA:0,(anonymous_6)
DA:1,17
DA:2,17
DA:3,17
DA:4,17
DA:29,17
DA:40,0
DA:42,0
DA:45,0
DA:46,0
DA:47,0
DA:51,0
DA:57,0
DA:64,0
DA:76,0
DA:84,0
DA:92,0
DA:93,0
DA:101,0
DA:103,0
DA:111,0
DA:112,0
DA:115,0
DA:125,0
DA:135,0
DA:136,0
DA:137,0
DA:140,0
DA:147,0
DA:148,0
DA:152,0
DA:156,0
DA:158,0
DA:176,0
DA:193,0
DA:194,0
DA:197,0
DA:204,0
DA:210,0
DA:211,0
DA:214,0
DA:219,17
LF:41
LH:6
BRDA:46,0,0,0
BRDA:111,1,0,0
BRDA:147,2,0,0
BRDA:193,3,0,0
BRDA:210,4,0,0
BRDA:210,5,0,0
BRDA:210,5,1,0
BRDA:214,6,0,0
BRDA:214,6,1,0
BRF:9
BRH:0
end_of_record
TN:
SF:src/utils/embeddings.ts
FN:11,generateSyntheticEmbedding
FN:30,(anonymous_2)
FN:33,(anonymous_3)
FN:41,generateRealEmbedding
FN:78,cosineSimilarity
FNF:5
FNH:0
FNDA:0,generateSyntheticEmbedding
FNDA:0,(anonymous_2)
FNDA:0,(anonymous_3)
FNDA:0,generateRealEmbedding
FNDA:0,cosineSimilarity
DA:8,0
DA:9,0
DA:11,0
DA:12,0
DA:13,0
DA:16,0
DA:17,0
DA:18,0
DA:22,0
DA:24,0
DA:25,0
DA:29,0
DA:30,0
DA:33,0
DA:39,0
DA:41,0
DA:42,0
DA:44,0
DA:46,0
DA:47,0
DA:48,0
DA:51,0
DA:67,0
DA:69,0
DA:70,0
DA:71,0
DA:78,0
DA:79,0
DA:80,0
DA:83,0
DA:84,0
DA:85,0
DA:87,0
DA:88,0
DA:89,0
DA:90,0
DA:93,0
DA:94,0
DA:96,0
DA:97,0
DA:100,0
LF:41
LH:0
BRDA:44,0,0,0
BRDA:44,0,1,0
BRDA:46,1,0,0
BRDA:69,2,0,0
BRDA:69,2,1,0
BRDA:79,3,0,0
BRDA:96,4,0,0
BRDA:96,5,0,0
BRDA:96,5,1,0
BRF:9
BRH:0
end_of_record
TN:
SF:src/utils/files.ts
FN:4,readJsonFiles
FN:18,(anonymous_10)
FN:50,ensureDirectory
FN:59,writeJsonFile
FNF:4
FNH:0
FNDA:0,readJsonFiles
FNDA:0,(anonymous_10)
FNDA:0,ensureDirectory
FNDA:0,writeJsonFile
DA:1,0
DA:2,0
DA:4,0
DA:5,0
DA:6,0
DA:9,0
DA:10,0
DA:11,0
DA:15,0
DA:18,0
DA:19,0
DA:22,0
DA:23,0
DA:24,0
DA:25,0
DA:26,0
DA:27,0
DA:29,0
DA:35,0
DA:37,0
DA:42,0
DA:45,0
DA:46,0
DA:50,0
DA:51,0
DA:52,0
DA:54,0
DA:55,0
DA:59,0
DA:60,0
DA:61,0
DA:62,0
DA:63,0
DA:65,0
DA:66,0
LF:35
LH:0
BRDA:10,0,0,0
BRF:1
BRH:0
end_of_record
TN:
SF:src/utils/sentiment.ts
FN:31,analyzeSentiment
FN:53,(anonymous_1)
FN:60,(anonymous_2)
FN:82,classifySentiment
FN:91,averageSentiment
FN:95,(anonymous_5)
FN:103,sentimentTrend
FN:107,(anonymous_7)
FN:118,(anonymous_8)
FN:119,(anonymous_9)
FNF:10
FNH:1
FNDA:184,analyzeSentiment
FNDA:0,(anonymous_1)
FNDA:0,(anonymous_2)
FNDA:0,classifySentiment
FNDA:0,averageSentiment
FNDA:0,(anonymous_5)
FNDA:0,sentimentTrend
FNDA:0,(anonymous_7)
FNDA:0,(anonymous_8)
FNDA:0,(anonymous_9)
DA:8,18
DA:17,18
DA:26,18
DA:31,18
DA:32,184
DA:33,184
DA:36,0
DA:37,0
DA:39,0
DA:40,0
DA:41,0
DA:43,0
DA:44,0
DA:47,0
DA:48,0
DA:49,0
DA:53,0
DA:54,0
DA:55,0
DA:56,0
DA:60,0
DA:61,0
DA:62,0
DA:63,0
DA:68,0
DA:69,0
DA:73,0
DA:76,0
DA:82,18
DA:83,0
DA:84,0
DA:85,0
DA:91,18
DA:92,0
DA:94,0
DA:95,0
DA:97,0
DA:103,18
DA:107,0
DA:109,0
DA:110,0
DA:114,0
DA:115,0
DA:116,0
DA:118,0
DA:119,0
DA:121,0
DA:124,0
DA:125,0
DA:126,0
DA:127,0
DA:129,0
DA:132,0
LF:53
LH:9
BRDA:32,0,0,184
BRDA:32,1,0,184
BRDA:32,1,1,0
BRDA:47,2,0,0
BRDA:53,3,0,0
BRDA:60,4,0,0
BRDA:68,5,0,0
BRDA:83,6,0,0
BRDA:84,7,0,0
BRDA:92,8,0,0
BRDA:109,9,0,0
BRDA:124,10,0,0
BRDA:124,10,1,0
BRDA:126,11,0,0
BRDA:126,11,1,0
BRF:15
BRH:2
end_of_record
